<?xml version="1.0" encoding="UTF-8"?>
<coverage generated="1702637130329" clover="3.2.0">
  <project timestamp="1702637130329" name="All files">
    <metrics statements="42" coveredstatements="42" conditionals="24" coveredconditionals="24" methods="3" coveredmethods="3" elements="69" coveredelements="69" complexity="0" loc="42" ncloc="42" packages="1" files="3" classes="3"/>
    <file name="declareWinner.js" path="/Users/feketebalazs/Documents/Codecool/jest-beginner/declareWinner.js">
      <metrics statements="15" coveredstatements="15" conditionals="8" coveredconditionals="8" methods="1" coveredmethods="1"/>
      <line num="5" count="3" type="cond" truecount="2" falsecount="0"/>
      <line num="6" count="1" type="stmt"/>
      <line num="7" count="1" type="stmt"/>
      <line num="9" count="2" type="stmt"/>
      <line num="10" count="2" type="stmt"/>
      <line num="13" count="3" type="stmt"/>
      <line num="14" count="6" type="stmt"/>
      <line num="16" count="6" type="cond" truecount="2" falsecount="0"/>
      <line num="17" count="4" type="stmt"/>
      <line num="19" count="4" type="cond" truecount="2" falsecount="0"/>
      <line num="20" count="2" type="stmt"/>
      <line num="23" count="2" type="stmt"/>
      <line num="25" count="2" type="cond" truecount="2" falsecount="0"/>
      <line num="26" count="1" type="stmt"/>
      <line num="32" count="1" type="stmt"/>
    </file>
    <file name="findUnique.js" path="/Users/feketebalazs/Documents/Codecool/jest-beginner/findUnique.js">
      <metrics statements="15" coveredstatements="15" conditionals="8" coveredconditionals="8" methods="1" coveredmethods="1"/>
      <line num="2" count="4" type="stmt"/>
      <line num="3" count="4" type="stmt"/>
      <line num="6" count="4" type="cond" truecount="2" falsecount="0"/>
      <line num="7" count="1" type="stmt"/>
      <line num="10" count="3" type="cond" truecount="2" falsecount="0"/>
      <line num="11" count="1" type="stmt"/>
      <line num="12" count="1" type="stmt"/>
      <line num="13" count="6" type="stmt"/>
      <line num="15" count="6" type="cond" truecount="2" falsecount="0"/>
      <line num="16" count="1" type="stmt"/>
      <line num="20" count="2" type="stmt"/>
      <line num="22" count="2" type="cond" truecount="2" falsecount="0"/>
      <line num="23" count="1" type="stmt"/>
      <line num="25" count="1" type="stmt"/>
      <line num="30" count="1" type="stmt"/>
    </file>
    <file name="maxDiff.js" path="/Users/feketebalazs/Documents/Codecool/jest-beginner/maxDiff.js">
      <metrics statements="12" coveredstatements="12" conditionals="8" coveredconditionals="8" methods="1" coveredmethods="1"/>
      <line num="2" count="5" type="cond" truecount="4" falsecount="0"/>
      <line num="3" count="2" type="stmt"/>
      <line num="6" count="3" type="stmt"/>
      <line num="7" count="3" type="stmt"/>
      <line num="9" count="3" type="stmt"/>
      <line num="10" count="13" type="stmt"/>
      <line num="12" count="13" type="cond" truecount="2" falsecount="0"/>
      <line num="13" count="3" type="stmt"/>
      <line num="15" count="13" type="cond" truecount="2" falsecount="0"/>
      <line num="16" count="3" type="stmt"/>
      <line num="20" count="3" type="stmt"/>
      <line num="23" count="1" type="stmt"/>
    </file>
  </project>
</coverage>
