TN:
SF:declareWinner.js
FN:1,declareWinner
FNF:1
FNH:1
FNDA:3,declareWinner
DA:5,3
DA:6,1
DA:7,1
DA:9,2
DA:10,2
DA:13,3
DA:14,6
DA:16,6
DA:17,4
DA:19,4
DA:20,2
DA:23,2
DA:25,2
DA:26,1
DA:32,1
LF:15
LH:15
BRDA:5,0,0,1
BRDA:5,0,1,2
BRDA:16,1,0,4
BRDA:16,1,1,2
BRDA:19,2,0,2
BRDA:19,2,1,2
BRDA:25,3,0,1
BRDA:25,3,1,1
BRF:8
BRH:8
end_of_record
TN:
SF:findUnique.js
FN:1,findUnique
FNF:1
FNH:1
FNDA:4,findUnique
DA:2,4
DA:3,4
DA:6,4
DA:7,1
DA:10,3
DA:11,1
DA:12,1
DA:13,6
DA:15,6
DA:16,1
DA:20,2
DA:22,2
DA:23,1
DA:25,1
DA:30,1
LF:15
LH:15
BRDA:6,0,0,1
BRDA:6,0,1,3
BRDA:10,1,0,1
BRDA:10,1,1,2
BRDA:15,2,0,1
BRDA:15,2,1,5
BRDA:22,3,0,1
BRDA:22,3,1,1
BRF:8
BRH:8
end_of_record
TN:
SF:maxDiff.js
FN:1,maxDiff
FNF:1
FNH:1
FNDA:5,maxDiff
DA:2,5
DA:3,2
DA:6,3
DA:7,3
DA:9,3
DA:10,13
DA:12,13
DA:13,3
DA:15,13
DA:16,3
DA:20,3
DA:23,1
LF:12
LH:12
BRDA:2,0,0,2
BRDA:2,0,1,3
BRDA:2,1,0,5
BRDA:2,1,1,4
BRDA:12,2,0,3
BRDA:12,2,1,10
BRDA:15,3,0,3
BRDA:15,3,1,10
BRF:8
BRH:8
end_of_record
